Determining if the pthread_create exist failed with the following output:
Change Dir: /home/eason/Desktop/EPFL_CG/assignment_9/build/CMakeFiles/CMakeTmp

Run Build Command:"/usr/bin/make" "cmTC_a6146/fast"
/usr/bin/make -f CMakeFiles/cmTC_a6146.dir/build.make CMakeFiles/cmTC_a6146.dir/build
make[1]: Entering directory '/home/eason/Desktop/EPFL_CG/assignment_9/build/CMakeFiles/CMakeTmp'
Building C object CMakeFiles/cmTC_a6146.dir/CheckSymbolExists.c.o
/usr/bin/cc     -o CMakeFiles/cmTC_a6146.dir/CheckSymbolExists.c.o   -c /home/eason/Desktop/EPFL_CG/assignment_9/build/CMakeFiles/CMakeTmp/CheckSymbolExists.c
Linking C executable cmTC_a6146
/usr/bin/cmake -E cmake_link_script CMakeFiles/cmTC_a6146.dir/link.txt --verbose=1
/usr/bin/cc       CMakeFiles/cmTC_a6146.dir/CheckSymbolExists.c.o  -o cmTC_a6146 -rdynamic 
CMakeFiles/cmTC_a6146.dir/CheckSymbolExists.c.o: In function `main':
CheckSymbolExists.c:(.text+0x16): undefined reference to `pthread_create'
collect2: error: ld returned 1 exit status
CMakeFiles/cmTC_a6146.dir/build.make:97: recipe for target 'cmTC_a6146' failed
make[1]: *** [cmTC_a6146] Error 1
make[1]: Leaving directory '/home/eason/Desktop/EPFL_CG/assignment_9/build/CMakeFiles/CMakeTmp'
Makefile:126: recipe for target 'cmTC_a6146/fast' failed
make: *** [cmTC_a6146/fast] Error 2

File /home/eason/Desktop/EPFL_CG/assignment_9/build/CMakeFiles/CMakeTmp/CheckSymbolExists.c:
/* */
#include <pthread.h>

int main(int argc, char** argv)
{
  (void)argv;
#ifndef pthread_create
  return ((int*)(&pthread_create))[argc];
#else
  (void)argc;
  return 0;
#endif
}

Determining if the function pthread_create exists in the pthreads failed with the following output:
Change Dir: /home/eason/Desktop/EPFL_CG/assignment_9/build/CMakeFiles/CMakeTmp

Run Build Command:"/usr/bin/make" "cmTC_483ef/fast"
/usr/bin/make -f CMakeFiles/cmTC_483ef.dir/build.make CMakeFiles/cmTC_483ef.dir/build
make[1]: Entering directory '/home/eason/Desktop/EPFL_CG/assignment_9/build/CMakeFiles/CMakeTmp'
Building C object CMakeFiles/cmTC_483ef.dir/CheckFunctionExists.c.o
/usr/bin/cc    -DCHECK_FUNCTION_EXISTS=pthread_create   -o CMakeFiles/cmTC_483ef.dir/CheckFunctionExists.c.o   -c /usr/share/cmake-3.5/Modules/CheckFunctionExists.c
Linking C executable cmTC_483ef
/usr/bin/cmake -E cmake_link_script CMakeFiles/cmTC_483ef.dir/link.txt --verbose=1
/usr/bin/cc   -DCHECK_FUNCTION_EXISTS=pthread_create    CMakeFiles/cmTC_483ef.dir/CheckFunctionExists.c.o  -o cmTC_483ef -rdynamic -lpthreads 
/usr/bin/ld: cannot find -lpthreads
collect2: error: ld returned 1 exit status
CMakeFiles/cmTC_483ef.dir/build.make:97: recipe for target 'cmTC_483ef' failed
make[1]: *** [cmTC_483ef] Error 1
make[1]: Leaving directory '/home/eason/Desktop/EPFL_CG/assignment_9/build/CMakeFiles/CMakeTmp'
Makefile:126: recipe for target 'cmTC_483ef/fast' failed
make: *** [cmTC_483ef/fast] Error 2


